Using pre-set license
Built from '2022.3/staging' branch; Version is '2022.3.25f1 (530ae0ba3889) revision 5442272'; Using compiler version '192829333'; Build Type 'Release'
OS: 'Windows 11  (10.0.22631) 64bit Professional' Language: 'tr' Physical Memory: 7418 MB
BatchMode: 1, IsHumanControllingUs: 0, StartBugReporterOnCrash: 0, Is64bit: 1, IsPro: 1

COMMAND LINE ARGUMENTS:
C:\Program Files\Unity\Hub\Editor\2022.3.25f1\Editor\Unity.exe
-adb2
-batchMode
-noUpm
-name
AssetImportWorker2
-projectPath
C:/Users/Sezer/Documents/GitHub/Deneme
-logFile
Logs/AssetImportWorker2.log
-srvPort
50407
Successfully changed project path to: C:/Users/Sezer/Documents/GitHub/Deneme
C:/Users/Sezer/Documents/GitHub/Deneme
[UnityMemory] Configuration Parameters - Can be set up in boot.config
    "memorysetup-bucket-allocator-granularity=16"
    "memorysetup-bucket-allocator-bucket-count=8"
    "memorysetup-bucket-allocator-block-size=33554432"
    "memorysetup-bucket-allocator-block-count=8"
    "memorysetup-main-allocator-block-size=16777216"
    "memorysetup-thread-allocator-block-size=16777216"
    "memorysetup-gfx-main-allocator-block-size=16777216"
    "memorysetup-gfx-thread-allocator-block-size=16777216"
    "memorysetup-cache-allocator-block-size=4194304"
    "memorysetup-typetree-allocator-block-size=2097152"
    "memorysetup-profiler-bucket-allocator-granularity=16"
    "memorysetup-profiler-bucket-allocator-bucket-count=8"
    "memorysetup-profiler-bucket-allocator-block-size=33554432"
    "memorysetup-profiler-bucket-allocator-block-count=8"
    "memorysetup-profiler-allocator-block-size=16777216"
    "memorysetup-profiler-editor-allocator-block-size=1048576"
    "memorysetup-temp-allocator-size-main=16777216"
    "memorysetup-job-temp-allocator-block-size=2097152"
    "memorysetup-job-temp-allocator-block-size-background=1048576"
    "memorysetup-job-temp-allocator-reduction-small-platforms=262144"
    "memorysetup-allocator-temp-initial-block-size-main=262144"
    "memorysetup-allocator-temp-initial-block-size-worker=262144"
    "memorysetup-temp-allocator-size-background-worker=32768"
    "memorysetup-temp-allocator-size-job-worker=262144"
    "memorysetup-temp-allocator-size-preload-manager=33554432"
    "memorysetup-temp-allocator-size-nav-mesh-worker=65536"
    "memorysetup-temp-allocator-size-audio-worker=65536"
    "memorysetup-temp-allocator-size-cloud-worker=32768"
    "memorysetup-temp-allocator-size-gi-baking-worker=262144"
    "memorysetup-temp-allocator-size-gfx=262144"
Player connection [920] Host "[IP] 192.168.1.114 [Port] 0 [Flags] 2 [Guid] 114843628 [EditorId] 114843628 [Version] 1048832 [Id] WindowsEditor(7,DESKTOP-LCOUMO2) [Debug] 1 [PackageName] WindowsEditor [ProjectName] Editor" joined multi-casting on [225.0.0.222:54997]...

Player connection [920] Host "[IP] 192.168.1.114 [Port] 0 [Flags] 2 [Guid] 114843628 [EditorId] 114843628 [Version] 1048832 [Id] WindowsEditor(7,DESKTOP-LCOUMO2) [Debug] 1 [PackageName] WindowsEditor [ProjectName] Editor" joined alternative multi-casting on [225.0.0.222:34997]...

[Physics::Module] Initialized MultithreadedJobDispatcher with 15 workers.
Refreshing native plugins compatible for Editor in 12.29 ms, found 3 plugins.
Preloading 0 native plugins for Editor in 0.00 ms.
Initialize engine version: 2022.3.25f1 (530ae0ba3889)
[Subsystems] Discovering subsystems at path C:/Program Files/Unity/Hub/Editor/2022.3.25f1/Editor/Data/Resources/UnitySubsystems
[Subsystems] Discovering subsystems at path C:/Users/Sezer/Documents/GitHub/Deneme/Assets
GfxDevice: creating device client; threaded=0; jobified=0
Direct3D:
    Version:  Direct3D 11.0 [level 11.1]
    Renderer: NVIDIA GeForce RTX 4050 Laptop GPU (ID=0x28e1)
    Vendor:   NVIDIA
    VRAM:     5921 MB
    Driver:   32.0.15.5612
Initialize mono
Mono path[0] = 'C:/Program Files/Unity/Hub/Editor/2022.3.25f1/Editor/Data/Managed'
Mono path[1] = 'C:/Program Files/Unity/Hub/Editor/2022.3.25f1/Editor/Data/MonoBleedingEdge/lib/mono/unityjit-win32'
Mono config path = 'C:/Program Files/Unity/Hub/Editor/2022.3.25f1/Editor/Data/MonoBleedingEdge/etc'
Using monoOptions --debugger-agent=transport=dt_socket,embedding=1,server=y,suspend=n,address=127.0.0.1:56428
Begin MonoManager ReloadAssembly
Registering precompiled unity dll's ...
Register platform support module: C:/Program Files/Unity/Hub/Editor/2022.3.25f1/Editor/Data/PlaybackEngines/WebGLSupport/UnityEditor.WebGL.Extensions.dll
Register platform support module: C:/Program Files/Unity/Hub/Editor/2022.3.25f1/Editor/Data/PlaybackEngines/WindowsStandaloneSupport/UnityEditor.WindowsStandalone.Extensions.dll
Register platform support module: C:/Program Files/Unity/Hub/Editor/2022.3.25f1/Editor/Data/PlaybackEngines/MetroSupport/UnityEditor.UWP.Extensions.dll
Registered in 0.011416 seconds.
- Loaded All Assemblies, in  0.450 seconds
Native extension for UWP target not found
Native extension for WindowsStandalone target not found
Native extension for WebGL target not found
Mono: successfully reloaded assembly
- Finished resetting the current domain, in  0.323 seconds
Domain Reload Profiling: 771ms
	BeginReloadAssembly (114ms)
		ExecutionOrderSort (0ms)
		DisableScriptedObjects (0ms)
		BackupInstance (0ms)
		ReleaseScriptingObjects (0ms)
		CreateAndSetChildDomain (1ms)
	RebuildCommonClasses (38ms)
	RebuildNativeTypeToScriptingClass (9ms)
	initialDomainReloadingComplete (79ms)
	LoadAllAssembliesAndSetupDomain (208ms)
		LoadAssemblies (113ms)
		RebuildTransferFunctionScriptingTraits (0ms)
		AnalyzeDomain (205ms)
			TypeCache.Refresh (203ms)
				TypeCache.ScanAssembly (182ms)
			ScanForSourceGeneratedMonoScriptInfo (1ms)
			ResolveRequiredComponents (1ms)
	FinalizeReload (324ms)
		ReleaseScriptCaches (0ms)
		RebuildScriptCaches (0ms)
		SetupLoadedEditorAssemblies (246ms)
			LogAssemblyErrors (0ms)
			InitializePlatformSupportModulesInManaged (13ms)
			SetLoadedEditorAssemblies (6ms)
			RefreshPlugins (0ms)
			BeforeProcessingInitializeOnLoad (3ms)
			ProcessInitializeOnLoadAttributes (163ms)
			ProcessInitializeOnLoadMethodAttributes (61ms)
			AfterProcessingInitializeOnLoad (0ms)
			EditorAssembliesLoaded (0ms)
		ExecutionOrderSort2 (0ms)
		AwakeInstancesAfterBackupRestoration (0ms)
========================================================================
Worker process is ready to serve import requests
Begin MonoManager ReloadAssembly
- Loaded All Assemblies, in  1.021 seconds
Refreshing native plugins compatible for Editor in 6.60 ms, found 3 plugins.
Native extension for UWP target not found
Native extension for WindowsStandalone target not found
Native extension for WebGL target not found
Package Manager log level set to [2]
[Package Manager] Server::EnsureServerProcessIsRunning -- launch failed, reason: Unity was launched with the -noUpm command-line argument
[Package Manager] UpmClient::Send -- Unable to send message (not connected to UPM process).
[Package Manager] Cannot connect to Unity Package Manager local server
Mono: successfully reloaded assembly
- Finished resetting the current domain, in  1.078 seconds
Domain Reload Profiling: 2096ms
	BeginReloadAssembly (262ms)
		ExecutionOrderSort (0ms)
		DisableScriptedObjects (7ms)
		BackupInstance (0ms)
		ReleaseScriptingObjects (0ms)
		CreateAndSetChildDomain (44ms)
	RebuildCommonClasses (49ms)
	RebuildNativeTypeToScriptingClass (14ms)
	initialDomainReloadingComplete (63ms)
	LoadAllAssembliesAndSetupDomain (630ms)
		LoadAssemblies (577ms)
		RebuildTransferFunctionScriptingTraits (0ms)
		AnalyzeDomain (211ms)
			TypeCache.Refresh (175ms)
				TypeCache.ScanAssembly (154ms)
			ScanForSourceGeneratedMonoScriptInfo (24ms)
			ResolveRequiredComponents (10ms)
	FinalizeReload (1079ms)
		ReleaseScriptCaches (0ms)
		RebuildScriptCaches (0ms)
		SetupLoadedEditorAssemblies (869ms)
			LogAssemblyErrors (0ms)
			InitializePlatformSupportModulesInManaged (8ms)
			SetLoadedEditorAssemblies (5ms)
			RefreshPlugins (0ms)
			BeforeProcessingInitializeOnLoad (90ms)
			ProcessInitializeOnLoadAttributes (634ms)
			ProcessInitializeOnLoadMethodAttributes (123ms)
			AfterProcessingInitializeOnLoad (8ms)
			EditorAssembliesLoaded (1ms)
		ExecutionOrderSort2 (0ms)
		AwakeInstancesAfterBackupRestoration (10ms)
Launched and connected shader compiler UnityShaderCompiler.exe after 0.08 seconds
Refreshing native plugins compatible for Editor in 7.71 ms, found 3 plugins.
Preloading 0 native plugins for Editor in 0.00 ms.
Unloading 4599 Unused Serialized files (Serialized files now loaded: 0)
Unloading 124 unused Assets / (23.1 MB). Loaded Objects now: 5033.
Memory consumption went from 251.3 MB to 228.2 MB.
Total: 9.299200 ms (FindLiveObjects: 0.444200 ms CreateObjectMapping: 0.193200 ms MarkObjects: 3.634100 ms  DeleteObjects: 5.025700 ms)

AssetImportParameters requested are different than current active one (requested -> active):
  custom:container-demuxer-ogg: 62fdf1f143b41e24485cea50d1cbac27 -> 
  custom:video-codec-MediaFoundation-h265: 746d11721c4dcdbdad8f713fa42b33f4 -> 
  custom:video-decoder-ogg-theora: a1e56fd34408186e4bbccfd4996cb3dc -> 
  custom:framework-win-MediaFoundation: 216162199b28c13a410421893ffa2e32 -> 
  custom:CustomObjectIndexerAttribute: 72b91833f83ae208fae7752999fa3104 -> 
  custom:container-demuxer-webm: 4f35f7cbe854078d1ac9338744f61a02 -> 
  custom:container-muxer-webm: aa71ff27fc2769a1b78a27578f13a17b -> 
  custom:video-decoder-webm-vp8: 9c59270c3fd7afecdb556c50c9e8de78 -> 
  custom:SearchIndexIgnoredProperties: e643bd26f0fe6173181afceb89e7c659 -> 
  custom:AudioImporter_EditorPlatform: d09bf68614088b80899f8185d706f6e7 -> 
  custom:video-encoder-webm-vp8: eb34c28f22e8b96e1ab97ce403110664 -> 
  custom:audio-decoder-ogg-vorbis: bf7c407c2cedff20999df2af8eb42d56 -> 
  custom:audio-encoder-webm-vorbis: bf7c407c2cedff20999df2af8eb42d56 -> 
========================================================================
Received Import Request.
  Time since last request: 1594.757865 seconds.
  path: Assets/3rd Party/Modern UI Pack/Textures/Demo/Icons/Modal Window Filled.png
  artifactKey: Guid(3603e158dd7d30c4a8592378c7b346ac) Importer(815301076,1909f56bfc062723c751e8b465ee728b)
Start importing Assets/3rd Party/Modern UI Pack/Textures/Demo/Icons/Modal Window Filled.png using Guid(3603e158dd7d30c4a8592378c7b346ac) Importer(815301076,1909f56bfc062723c751e8b465ee728b)  -> (artifact id: '3d69984af575272cb5fe0614d5f00ca4') in 0.112643 seconds
Number of updated asset objects reloaded before import = 0
Number of asset objects unloaded after import = 3
========================================================================
Received Import Request.
  Time since last request: 1.617376 seconds.
  path: Assets/3rd Party/Modern UI Pack/Textures/Demo/MUIP Big.png
  artifactKey: Guid(46f64b3ded478fa408af4eeb374bcfd2) Importer(815301076,1909f56bfc062723c751e8b465ee728b)
Start importing Assets/3rd Party/Modern UI Pack/Textures/Demo/MUIP Big.png using Guid(46f64b3ded478fa408af4eeb374bcfd2) Importer(815301076,1909f56bfc062723c751e8b465ee728b)  -> (artifact id: '709dd71642b4121e31a2590caba8ce2e') in 0.016700 seconds
Number of updated asset objects reloaded before import = 0
Number of asset objects unloaded after import = 3
========================================================================
Received Import Request.
  Time since last request: 0.004603 seconds.
  path: Assets/3rd Party/Modern UI Pack/Textures/Demo/Icons/Notification Filled.png
  artifactKey: Guid(fe3bc1cc05fbcf749a45c5d2abb5c5ed) Importer(815301076,1909f56bfc062723c751e8b465ee728b)
Start importing Assets/3rd Party/Modern UI Pack/Textures/Demo/Icons/Notification Filled.png using Guid(fe3bc1cc05fbcf749a45c5d2abb5c5ed) Importer(815301076,1909f56bfc062723c751e8b465ee728b)  -> (artifact id: 'c18a9a2843d60c785c77a1a1cab5d638') in 0.022023 seconds
Number of updated asset objects reloaded before import = 0
Number of asset objects unloaded after import = 3
========================================================================
Received Import Request.
  Time since last request: 0.256016 seconds.
  path: Assets/UI pack/Button/Orange gradient.png
  artifactKey: Guid(1258ac417dd158a48b05eeedb739c469) Importer(815301076,1909f56bfc062723c751e8b465ee728b)
Start importing Assets/UI pack/Button/Orange gradient.png using Guid(1258ac417dd158a48b05eeedb739c469) Importer(815301076,1909f56bfc062723c751e8b465ee728b)  -> (artifact id: '27476816d1c8477484a317e07d247827') in 0.021338 seconds
Number of updated asset objects reloaded before import = 0
Number of asset objects unloaded after import = 3
========================================================================
Received Import Request.
  Time since last request: 0.274506 seconds.
  path: Assets/3rd Party/Modern UI Pack/Textures/Icon/Device/Phone.png
  artifactKey: Guid(e3ac98c7b179e7b4b937034cc51b3f1b) Importer(815301076,1909f56bfc062723c751e8b465ee728b)
Start importing Assets/3rd Party/Modern UI Pack/Textures/Icon/Device/Phone.png using Guid(e3ac98c7b179e7b4b937034cc51b3f1b) Importer(815301076,1909f56bfc062723c751e8b465ee728b)  -> (artifact id: 'b79c6b866f8d4c03aa0695c1faee713f') in 0.018781 seconds
Number of updated asset objects reloaded before import = 0
Number of asset objects unloaded after import = 3
========================================================================
Received Import Request.
  Time since last request: 0.532595 seconds.
  path: Assets/3rd Party/Modern UI Pack/Textures/Icon/Media/Play.png
  artifactKey: Guid(2f2ed1a167dc67349a42cb44a3d9b115) Importer(815301076,1909f56bfc062723c751e8b465ee728b)
Start importing Assets/3rd Party/Modern UI Pack/Textures/Icon/Media/Play.png using Guid(2f2ed1a167dc67349a42cb44a3d9b115) Importer(815301076,1909f56bfc062723c751e8b465ee728b)  -> (artifact id: 'f39573c0e47f25c301233b9b68785312') in 0.024930 seconds
Number of updated asset objects reloaded before import = 0
Number of asset objects unloaded after import = 4
========================================================================
Received Import Request.
  Time since last request: 0.308824 seconds.
  path: Assets/3rd Party/Modern UI Pack/Textures/Icon/Navigation/Power.png
  artifactKey: Guid(a8cc5f0db692cb24db144d85c01b6838) Importer(815301076,1909f56bfc062723c751e8b465ee728b)
Start importing Assets/3rd Party/Modern UI Pack/Textures/Icon/Navigation/Power.png using Guid(a8cc5f0db692cb24db144d85c01b6838) Importer(815301076,1909f56bfc062723c751e8b465ee728b)  -> (artifact id: '89a1fd54bb567e6fcf4c29d5cfbe216c') in 0.024568 seconds
Number of updated asset objects reloaded before import = 0
Number of asset objects unloaded after import = 3
========================================================================
Received Import Request.
  Time since last request: 0.930448 seconds.
  path: Assets/3rd Party/Modern UI Pack/Textures/Demo/Icons/Progress Bar Filled.png
  artifactKey: Guid(d6c3349e1629c584bb07bb4a69fa8537) Importer(815301076,1909f56bfc062723c751e8b465ee728b)
Start importing Assets/3rd Party/Modern UI Pack/Textures/Demo/Icons/Progress Bar Filled.png using Guid(d6c3349e1629c584bb07bb4a69fa8537) Importer(815301076,1909f56bfc062723c751e8b465ee728b)  -> (artifact id: 'cc7cfdbfc10d3331e1a9b3fa5a6e6699') in 0.017629 seconds
Number of updated asset objects reloaded before import = 0
Number of asset objects unloaded after import = 3
========================================================================
Received Import Request.
  Time since last request: 1.904336 seconds.
  path: Assets/3rd Party/Photon/PhotonUnityNetworking/Icons/PunIconApp32.png
  artifactKey: Guid(436c5e63723127948af8857e903f658a) Importer(815301076,1909f56bfc062723c751e8b465ee728b)
Start importing Assets/3rd Party/Photon/PhotonUnityNetworking/Icons/PunIconApp32.png using Guid(436c5e63723127948af8857e903f658a) Importer(815301076,1909f56bfc062723c751e8b465ee728b)  -> (artifact id: 'caff6aca1d0649a5e7b8ece621e2d02b') in 0.024639 seconds
Number of updated asset objects reloaded before import = 0
Number of asset objects unloaded after import = 3
========================================================================
Received Import Request.
  Time since last request: 0.398313 seconds.
  path: Assets/3rd Party/Photon/PhotonUnityNetworking/Icons/PunIconApp128.png
  artifactKey: Guid(f00feafcf0675cd47a48f83ae42b06d4) Importer(815301076,1909f56bfc062723c751e8b465ee728b)
Start importing Assets/3rd Party/Photon/PhotonUnityNetworking/Icons/PunIconApp128.png using Guid(f00feafcf0675cd47a48f83ae42b06d4) Importer(815301076,1909f56bfc062723c751e8b465ee728b)  -> (artifact id: '268586c71a5abd06e9759f5151f28389') in 0.024805 seconds
Number of updated asset objects reloaded before import = 0
Number of asset objects unloaded after import = 3
========================================================================
Received Import Request.
  Time since last request: 0.782285 seconds.
  path: Assets/3rd Party/Modern UI Pack/Textures/Border/Radial/32px/Radial Filled 32px.png
  artifactKey: Guid(f9767404d707fab4398db2425e8badd3) Importer(815301076,1909f56bfc062723c751e8b465ee728b)
Start importing Assets/3rd Party/Modern UI Pack/Textures/Border/Radial/32px/Radial Filled 32px.png using Guid(f9767404d707fab4398db2425e8badd3) Importer(815301076,1909f56bfc062723c751e8b465ee728b)  -> (artifact id: 'eaa15faf0af9b62816cccbd705954230') in 0.018370 seconds
Number of updated asset objects reloaded before import = 0
Number of asset objects unloaded after import = 3
========================================================================
Received Import Request.
  Time since last request: 0.038363 seconds.
  path: Assets/3rd Party/Modern UI Pack/Textures/Border/Radial/128px/Radial Filled 128px.png
  artifactKey: Guid(d25e2ce15dd1c67438e4b70f404fb197) Importer(815301076,1909f56bfc062723c751e8b465ee728b)
Start importing Assets/3rd Party/Modern UI Pack/Textures/Border/Radial/128px/Radial Filled 128px.png using Guid(d25e2ce15dd1c67438e4b70f404fb197) Importer(815301076,1909f56bfc062723c751e8b465ee728b)  -> (artifact id: 'cbf51325228a7db17fa2502c2df2bd8a') in 0.017501 seconds
Number of updated asset objects reloaded before import = 0
Number of asset objects unloaded after import = 3
========================================================================
Received Import Request.
  Time since last request: 0.532168 seconds.
  path: Assets/3rd Party/Modern UI Pack/Textures/Border/Radial/512px/Radial Filled 512px.png
  artifactKey: Guid(ec33b29f67465db45aa8df22663e89f5) Importer(815301076,1909f56bfc062723c751e8b465ee728b)
Start importing Assets/3rd Party/Modern UI Pack/Textures/Border/Radial/512px/Radial Filled 512px.png using Guid(ec33b29f67465db45aa8df22663e89f5) Importer(815301076,1909f56bfc062723c751e8b465ee728b)  -> (artifact id: 'deb95c1221e28f5bf4651880549173cf') in 0.019799 seconds
Number of updated asset objects reloaded before import = 0
Number of asset objects unloaded after import = 3
========================================================================
Received Import Request.
  Time since last request: 1.430977 seconds.
  path: Assets/3rd Party/Modern UI Pack/Textures/Border/Radial/32px/Radial Outline 32px - 1x.png
  artifactKey: Guid(2210141fc23cbcf438279f50eb4fcd74) Importer(815301076,1909f56bfc062723c751e8b465ee728b)
Start importing Assets/3rd Party/Modern UI Pack/Textures/Border/Radial/32px/Radial Outline 32px - 1x.png using Guid(2210141fc23cbcf438279f50eb4fcd74) Importer(815301076,1909f56bfc062723c751e8b465ee728b)  -> (artifact id: '7449968d149c70c196821d7745d4e48e') in 0.015654 seconds
Number of updated asset objects reloaded before import = 0
Number of asset objects unloaded after import = 3
========================================================================
Received Import Request.
  Time since last request: 0.004543 seconds.
  path: Assets/3rd Party/Modern UI Pack/Textures/Border/Radial/32px/Radial Outline 32px - 3x.png
  artifactKey: Guid(ac049f791a8c4034cbe79f6d5fea0c4c) Importer(815301076,1909f56bfc062723c751e8b465ee728b)
Start importing Assets/3rd Party/Modern UI Pack/Textures/Border/Radial/32px/Radial Outline 32px - 3x.png using Guid(ac049f791a8c4034cbe79f6d5fea0c4c) Importer(815301076,1909f56bfc062723c751e8b465ee728b)  -> (artifact id: 'e44d227a6ced05b6cb8409e0a466bab8') in 0.018282 seconds
Number of updated asset objects reloaded before import = 0
Number of asset objects unloaded after import = 3
========================================================================
Received Import Request.
  Time since last request: 0.038496 seconds.
  path: Assets/3rd Party/Modern UI Pack/Textures/Border/Radial/32px/Radial Outline 32px - 5x.png
  artifactKey: Guid(4d524fbec1ad7524f8e44324e211e893) Importer(815301076,1909f56bfc062723c751e8b465ee728b)
Start importing Assets/3rd Party/Modern UI Pack/Textures/Border/Radial/32px/Radial Outline 32px - 5x.png using Guid(4d524fbec1ad7524f8e44324e211e893) Importer(815301076,1909f56bfc062723c751e8b465ee728b)  -> (artifact id: 'c778b17c59372ed174dda63aa84f99b8') in 0.018860 seconds
Number of updated asset objects reloaded before import = 0
Number of asset objects unloaded after import = 3
========================================================================
Received Import Request.
  Time since last request: 0.660443 seconds.
  path: Assets/3rd Party/Modern UI Pack/Textures/Border/Radial/32px/Radial Outline 32px - 7x.png
  artifactKey: Guid(aa2a89f62c544a54692da9f0c22a44e2) Importer(815301076,1909f56bfc062723c751e8b465ee728b)
Start importing Assets/3rd Party/Modern UI Pack/Textures/Border/Radial/32px/Radial Outline 32px - 7x.png using Guid(aa2a89f62c544a54692da9f0c22a44e2) Importer(815301076,1909f56bfc062723c751e8b465ee728b)  -> (artifact id: '214c6e8ce4a5948619a3214bf2262010') in 0.019835 seconds
Number of updated asset objects reloaded before import = 0
Number of asset objects unloaded after import = 3
========================================================================
Received Import Request.
  Time since last request: 0.039893 seconds.
  path: Assets/3rd Party/Modern UI Pack/Textures/Border/Radial/32px/Radial Outline 32px - 9x.png
  artifactKey: Guid(eb5b293700185344e9c5653bb0e49c0c) Importer(815301076,1909f56bfc062723c751e8b465ee728b)
Start importing Assets/3rd Party/Modern UI Pack/Textures/Border/Radial/32px/Radial Outline 32px - 9x.png using Guid(eb5b293700185344e9c5653bb0e49c0c) Importer(815301076,1909f56bfc062723c751e8b465ee728b)  -> (artifact id: '12d84c0f60876b743c08a758dea73729') in 0.017904 seconds
Number of updated asset objects reloaded before import = 0
Number of asset objects unloaded after import = 3
========================================================================
Received Import Request.
  Time since last request: 0.402293 seconds.
  path: Assets/3rd Party/Modern UI Pack/Textures/Border/Radial/64px/Radial Outline 64px - 1x.png
  artifactKey: Guid(e963dcd72924ca1448e01147b483fb05) Importer(815301076,1909f56bfc062723c751e8b465ee728b)
Start importing Assets/3rd Party/Modern UI Pack/Textures/Border/Radial/64px/Radial Outline 64px - 1x.png using Guid(e963dcd72924ca1448e01147b483fb05) Importer(815301076,1909f56bfc062723c751e8b465ee728b)  -> (artifact id: 'c8c40ef91aeefedcb262266461de3e73') in 0.014361 seconds
Number of updated asset objects reloaded before import = 0
Number of asset objects unloaded after import = 3
========================================================================
Received Import Request.
  Time since last request: 0.040319 seconds.
  path: Assets/3rd Party/Modern UI Pack/Textures/Border/Radial/64px/Radial Outline 64px - 3x.png
  artifactKey: Guid(173c0db4c08d8c747a77001f52ccb95c) Importer(815301076,1909f56bfc062723c751e8b465ee728b)
Start importing Assets/3rd Party/Modern UI Pack/Textures/Border/Radial/64px/Radial Outline 64px - 3x.png using Guid(173c0db4c08d8c747a77001f52ccb95c) Importer(815301076,1909f56bfc062723c751e8b465ee728b)  -> (artifact id: '7676132bf99822609ac6a20179ced33c') in 0.015933 seconds
Number of updated asset objects reloaded before import = 0
Number of asset objects unloaded after import = 3
========================================================================
Received Import Request.
  Time since last request: 0.340681 seconds.
  path: Assets/3rd Party/Modern UI Pack/Textures/Border/Radial/64px/Radial Outline 64px - 5x.png
  artifactKey: Guid(ba741793bcb4a6f469d6cc3875a1fea5) Importer(815301076,1909f56bfc062723c751e8b465ee728b)
Start importing Assets/3rd Party/Modern UI Pack/Textures/Border/Radial/64px/Radial Outline 64px - 5x.png using Guid(ba741793bcb4a6f469d6cc3875a1fea5) Importer(815301076,1909f56bfc062723c751e8b465ee728b)  -> (artifact id: '75c94873618bea834fa259a62cd7c0ff') in 0.016343 seconds
Number of updated asset objects reloaded before import = 0
Number of asset objects unloaded after import = 3
========================================================================
Received Import Request.
  Time since last request: 0.003034 seconds.
  path: Assets/3rd Party/Modern UI Pack/Textures/Border/Radial/64px/Radial Outline 64px - 7x.png
  artifactKey: Guid(3c57ab889c6e61d47a6e1122c011ee85) Importer(815301076,1909f56bfc062723c751e8b465ee728b)
Start importing Assets/3rd Party/Modern UI Pack/Textures/Border/Radial/64px/Radial Outline 64px - 7x.png using Guid(3c57ab889c6e61d47a6e1122c011ee85) Importer(815301076,1909f56bfc062723c751e8b465ee728b)  -> (artifact id: '99f76a24f803bc8d45942a5861192818') in 0.014306 seconds
Number of updated asset objects reloaded before import = 0
Number of asset objects unloaded after import = 3
========================================================================
Received Import Request.
  Time since last request: 0.041822 seconds.
  path: Assets/3rd Party/Modern UI Pack/Textures/Border/Radial/64px/Radial Outline 64px - 9x.png
  artifactKey: Guid(e80495990be36ff45a28a4c1e13ffca8) Importer(815301076,1909f56bfc062723c751e8b465ee728b)
Start importing Assets/3rd Party/Modern UI Pack/Textures/Border/Radial/64px/Radial Outline 64px - 9x.png using Guid(e80495990be36ff45a28a4c1e13ffca8) Importer(815301076,1909f56bfc062723c751e8b465ee728b)  -> (artifact id: 'e19873131cc0470c3120c70ca551f752') in 0.016061 seconds
Number of updated asset objects reloaded before import = 0
Number of asset objects unloaded after import = 3
========================================================================
Received Import Request.
  Time since last request: 0.278404 seconds.
  path: Assets/3rd Party/Modern UI Pack/Textures/Border/Radial/128px/Radial Outline 128px - 1x.png
  artifactKey: Guid(3b01fe90eb34c7c4bab30f287241c158) Importer(815301076,1909f56bfc062723c751e8b465ee728b)
Start importing Assets/3rd Party/Modern UI Pack/Textures/Border/Radial/128px/Radial Outline 128px - 1x.png using Guid(3b01fe90eb34c7c4bab30f287241c158) Importer(815301076,1909f56bfc062723c751e8b465ee728b)  -> (artifact id: '1ee961f93b016fdfb908e5c60ea71ef7') in 0.017171 seconds
Number of updated asset objects reloaded before import = 0
Number of asset objects unloaded after import = 3
========================================================================
Received Import Request.
  Time since last request: 0.020375 seconds.
  path: Assets/3rd Party/Modern UI Pack/Textures/Border/Radial/128px/Radial Outline 128px - 3x.png
  artifactKey: Guid(fcadf08db4ab4e745ad615820a87889b) Importer(815301076,1909f56bfc062723c751e8b465ee728b)
Start importing Assets/3rd Party/Modern UI Pack/Textures/Border/Radial/128px/Radial Outline 128px - 3x.png using Guid(fcadf08db4ab4e745ad615820a87889b) Importer(815301076,1909f56bfc062723c751e8b465ee728b)  -> (artifact id: '13a85304f504289ee5f78aeebf95e772') in 0.018570 seconds
Number of updated asset objects reloaded before import = 0
Number of asset objects unloaded after import = 3
========================================================================
Received Import Request.
  Time since last request: 0.003620 seconds.
  path: Assets/3rd Party/Modern UI Pack/Textures/Border/Radial/128px/Radial Outline 128px - 5x.png
  artifactKey: Guid(cc879efe3877ff74d94e29bc597f281b) Importer(815301076,1909f56bfc062723c751e8b465ee728b)
Start importing Assets/3rd Party/Modern UI Pack/Textures/Border/Radial/128px/Radial Outline 128px - 5x.png using Guid(cc879efe3877ff74d94e29bc597f281b) Importer(815301076,1909f56bfc062723c751e8b465ee728b)  -> (artifact id: '316381cc88fe1bd6a0bda2ed79605e56') in 0.017192 seconds
Number of updated asset objects reloaded before import = 0
Number of asset objects unloaded after import = 3
========================================================================
Received Import Request.
  Time since last request: 0.338848 seconds.
  path: Assets/3rd Party/Modern UI Pack/Textures/Border/Radial/128px/Radial Outline 128px - 7x.png
  artifactKey: Guid(e391401015a953e408ae1dc8ed8a2de9) Importer(815301076,1909f56bfc062723c751e8b465ee728b)
Start importing Assets/3rd Party/Modern UI Pack/Textures/Border/Radial/128px/Radial Outline 128px - 7x.png using Guid(e391401015a953e408ae1dc8ed8a2de9) Importer(815301076,1909f56bfc062723c751e8b465ee728b)  -> (artifact id: '07bc7f8ae7301123128ff53efb6979fe') in 0.015799 seconds
Number of updated asset objects reloaded before import = 0
Number of asset objects unloaded after import = 3
========================================================================
Received Import Request.
  Time since last request: 0.040307 seconds.
  path: Assets/3rd Party/Modern UI Pack/Textures/Border/Radial/128px/Radial Outline 128px - 9x.png
  artifactKey: Guid(dd10c64203dc7e848947fcdc894efa49) Importer(815301076,1909f56bfc062723c751e8b465ee728b)
Start importing Assets/3rd Party/Modern UI Pack/Textures/Border/Radial/128px/Radial Outline 128px - 9x.png using Guid(dd10c64203dc7e848947fcdc894efa49) Importer(815301076,1909f56bfc062723c751e8b465ee728b)  -> (artifact id: '8f46bd8d6018f01ad28254bea35713d4') in 0.019131 seconds
Number of updated asset objects reloaded before import = 0
Number of asset objects unloaded after import = 3
========================================================================
Received Import Request.
  Time since last request: 0.267853 seconds.
  path: Assets/3rd Party/Modern UI Pack/Textures/Border/Radial/256px/Radial Outline 256px - 1x.png
  artifactKey: Guid(5899483649d5aef43bbd15c0945b2ef1) Importer(815301076,1909f56bfc062723c751e8b465ee728b)
Start importing Assets/3rd Party/Modern UI Pack/Textures/Border/Radial/256px/Radial Outline 256px - 1x.png using Guid(5899483649d5aef43bbd15c0945b2ef1) Importer(815301076,1909f56bfc062723c751e8b465ee728b)  -> (artifact id: 'a48df5fc57b6d83aa9a95b8ad6a930ae') in 0.019171 seconds
Number of updated asset objects reloaded before import = 0
Number of asset objects unloaded after import = 3
========================================================================
Received Import Request.
  Time since last request: 0.000027 seconds.
  path: Assets/3rd Party/Modern UI Pack/Textures/Border/Radial/256px/Radial Outline 256px - 3x.png
  artifactKey: Guid(bfabc30b671dd604c9c84f7ce3e0edbe) Importer(815301076,1909f56bfc062723c751e8b465ee728b)
Start importing Assets/3rd Party/Modern UI Pack/Textures/Border/Radial/256px/Radial Outline 256px - 3x.png using Guid(bfabc30b671dd604c9c84f7ce3e0edbe) Importer(815301076,1909f56bfc062723c751e8b465ee728b)  -> (artifact id: 'eac791e9943015e3420b15767832d44d') in 0.018518 seconds
Number of updated asset objects reloaded before import = 0
Number of asset objects unloaded after import = 3
========================================================================
Received Import Request.
  Time since last request: 0.337271 seconds.
  path: Assets/3rd Party/Modern UI Pack/Textures/Border/Radial/256px/Radial Outline 256px - 5x.png
  artifactKey: Guid(5a4ec0c9f6e1066409609dd9249fcba5) Importer(815301076,1909f56bfc062723c751e8b465ee728b)
Start importing Assets/3rd Party/Modern UI Pack/Textures/Border/Radial/256px/Radial Outline 256px - 5x.png using Guid(5a4ec0c9f6e1066409609dd9249fcba5) Importer(815301076,1909f56bfc062723c751e8b465ee728b)  -> (artifact id: 'aa26a03dba7cd0ccbb17642a80350ddf') in 0.017843 seconds
Number of updated asset objects reloaded before import = 0
Number of asset objects unloaded after import = 3
========================================================================
Received Import Request.
  Time since last request: 0.265496 seconds.
  path: Assets/3rd Party/Modern UI Pack/Textures/Border/Radial/256px/Radial Outline 256px - 7x.png
  artifactKey: Guid(ad22da32cabd2ae4491744654fd3f56b) Importer(815301076,1909f56bfc062723c751e8b465ee728b)
Start importing Assets/3rd Party/Modern UI Pack/Textures/Border/Radial/256px/Radial Outline 256px - 7x.png using Guid(ad22da32cabd2ae4491744654fd3f56b) Importer(815301076,1909f56bfc062723c751e8b465ee728b)  -> (artifact id: 'f157218c877925de0d750aec273c460a') in 0.017321 seconds
Number of updated asset objects reloaded before import = 0
Number of asset objects unloaded after import = 3
========================================================================
Received Import Request.
  Time since last request: 0.038333 seconds.
  path: Assets/3rd Party/Modern UI Pack/Textures/Border/Radial/256px/Radial Outline 256px - 9x.png
  artifactKey: Guid(7b5bda73e2462c84baa72be5e1a35668) Importer(815301076,1909f56bfc062723c751e8b465ee728b)
Start importing Assets/3rd Party/Modern UI Pack/Textures/Border/Radial/256px/Radial Outline 256px - 9x.png using Guid(7b5bda73e2462c84baa72be5e1a35668) Importer(815301076,1909f56bfc062723c751e8b465ee728b)  -> (artifact id: 'ae3a248ef1e43ece5a7d2ae19a6d99d4') in 0.015104 seconds
Number of updated asset objects reloaded before import = 0
Number of asset objects unloaded after import = 3
========================================================================
Received Import Request.
  Time since last request: 0.664585 seconds.
  path: Assets/3rd Party/Modern UI Pack/Textures/Border/Radial/512px/Radial Outline 512px - 3x.png
  artifactKey: Guid(eac0a486a6a1f9847861eaad7811db91) Importer(815301076,1909f56bfc062723c751e8b465ee728b)
Start importing Assets/3rd Party/Modern UI Pack/Textures/Border/Radial/512px/Radial Outline 512px - 3x.png using Guid(eac0a486a6a1f9847861eaad7811db91) Importer(815301076,1909f56bfc062723c751e8b465ee728b)  -> (artifact id: 'aaa29e81d92a80a7f0ef801f978eb4b8') in 0.019763 seconds
Number of updated asset objects reloaded before import = 0
Number of asset objects unloaded after import = 3
========================================================================
Received Import Request.
  Time since last request: 0.040868 seconds.
  path: Assets/3rd Party/Modern UI Pack/Textures/Border/Radial/512px/Radial Outline 512px - 5x.png
  artifactKey: Guid(1b43bc290ba48b5468a23b479bea3c76) Importer(815301076,1909f56bfc062723c751e8b465ee728b)
Start importing Assets/3rd Party/Modern UI Pack/Textures/Border/Radial/512px/Radial Outline 512px - 5x.png using Guid(1b43bc290ba48b5468a23b479bea3c76) Importer(815301076,1909f56bfc062723c751e8b465ee728b)  -> (artifact id: '3c48fb1a8b2e6f2809ea8f8584c5f06e') in 0.017926 seconds
Number of updated asset objects reloaded before import = 0
Number of asset objects unloaded after import = 3
========================================================================
Received Import Request.
  Time since last request: 0.335422 seconds.
  path: Assets/3rd Party/Modern UI Pack/Textures/Border/Radial/512px/Radial Outline 512px - 7x.png
  artifactKey: Guid(d0173e1ae67fd0d478e000bbe3e38459) Importer(815301076,1909f56bfc062723c751e8b465ee728b)
Start importing Assets/3rd Party/Modern UI Pack/Textures/Border/Radial/512px/Radial Outline 512px - 7x.png using Guid(d0173e1ae67fd0d478e000bbe3e38459) Importer(815301076,1909f56bfc062723c751e8b465ee728b)  -> (artifact id: 'b8963176b4e33b05a71f916850e149b9') in 0.018297 seconds
Number of updated asset objects reloaded before import = 0
Number of asset objects unloaded after import = 3
========================================================================
Received Import Request.
  Time since last request: 4.842907 seconds.
  path: Assets/3rd Party/Modern UI Pack/Textures/Border/Radial/512px/Radial Outline 512px - 9x.png
  artifactKey: Guid(fa0ae590121864a40982c48d76373ba0) Importer(815301076,1909f56bfc062723c751e8b465ee728b)
Start importing Assets/3rd Party/Modern UI Pack/Textures/Border/Radial/512px/Radial Outline 512px - 9x.png using Guid(fa0ae590121864a40982c48d76373ba0) Importer(815301076,1909f56bfc062723c751e8b465ee728b)  -> (artifact id: '7b0bcfca59e6926054d6daa87424e4e8') in 0.016027 seconds
Number of updated asset objects reloaded before import = 0
Number of asset objects unloaded after import = 3
========================================================================
Received Import Request.
  Time since last request: 0.273665 seconds.
  path: Assets/3rd Party/Modern UI Pack/Textures/Border/Radial/1024px/Radial Outline 1024px - 1x.png
  artifactKey: Guid(7fe3e3ef9e5ebd04d9fe53b5637a6ad9) Importer(815301076,1909f56bfc062723c751e8b465ee728b)
Start importing Assets/3rd Party/Modern UI Pack/Textures/Border/Radial/1024px/Radial Outline 1024px - 1x.png using Guid(7fe3e3ef9e5ebd04d9fe53b5637a6ad9) Importer(815301076,1909f56bfc062723c751e8b465ee728b)  -> (artifact id: 'c5fa6a7c8c63f1969849d3ac691845b5') in 0.018406 seconds
Number of updated asset objects reloaded before import = 0
Number of asset objects unloaded after import = 3
========================================================================
Received Import Request.
  Time since last request: 0.002576 seconds.
  path: Assets/3rd Party/Modern UI Pack/Textures/Border/Radial/1024px/Radial Outline 1024px - 4x.png
  artifactKey: Guid(af5f231d6f8be724b99517825d4e8fff) Importer(815301076,1909f56bfc062723c751e8b465ee728b)
Start importing Assets/3rd Party/Modern UI Pack/Textures/Border/Radial/1024px/Radial Outline 1024px - 4x.png using Guid(af5f231d6f8be724b99517825d4e8fff) Importer(815301076,1909f56bfc062723c751e8b465ee728b)  -> (artifact id: '1a40d0f6bb8ba29814028bc6384417d0') in 0.024520 seconds
Number of updated asset objects reloaded before import = 0
Number of asset objects unloaded after import = 3
========================================================================
Received Import Request.
  Time since last request: 0.000857 seconds.
  path: Assets/3rd Party/Modern UI Pack/Textures/Border/Radial/1024px/Radial Outline 1024px - 6x.png
  artifactKey: Guid(7abca72115e53cb4aae8bf1cea4027d8) Importer(815301076,1909f56bfc062723c751e8b465ee728b)
Start importing Assets/3rd Party/Modern UI Pack/Textures/Border/Radial/1024px/Radial Outline 1024px - 6x.png using Guid(7abca72115e53cb4aae8bf1cea4027d8) Importer(815301076,1909f56bfc062723c751e8b465ee728b)  -> (artifact id: '553710818e2f51405b571897b0cbd733') in 0.016764 seconds
Number of updated asset objects reloaded before import = 0
Number of asset objects unloaded after import = 3
========================================================================
Received Import Request.
  Time since last request: 0.072152 seconds.
  path: Assets/3rd Party/Modern UI Pack/Textures/Border/Radial/1024px/Radial Outline 1024px - 7x.png
  artifactKey: Guid(13b9e40d365ea7e42a0053c14d5e4977) Importer(815301076,1909f56bfc062723c751e8b465ee728b)
Start importing Assets/3rd Party/Modern UI Pack/Textures/Border/Radial/1024px/Radial Outline 1024px - 7x.png using Guid(13b9e40d365ea7e42a0053c14d5e4977) Importer(815301076,1909f56bfc062723c751e8b465ee728b)  -> (artifact id: '0f8633eef7091008a0acc6d24adc64d1') in 0.018124 seconds
Number of updated asset objects reloaded before import = 0
Number of asset objects unloaded after import = 3
========================================================================
Received Import Request.
  Time since last request: 0.192533 seconds.
  path: Assets/3rd Party/Modern UI Pack/Textures/Border/Radial/1024px/Radial Outline 1024px - 9x.png
  artifactKey: Guid(e6081e588b18eb5428446bae5f2d77f3) Importer(815301076,1909f56bfc062723c751e8b465ee728b)
Start importing Assets/3rd Party/Modern UI Pack/Textures/Border/Radial/1024px/Radial Outline 1024px - 9x.png using Guid(e6081e588b18eb5428446bae5f2d77f3) Importer(815301076,1909f56bfc062723c751e8b465ee728b)  -> (artifact id: 'c82f75e70095a1343530ad707a498bfb') in 0.021167 seconds
Number of updated asset objects reloaded before import = 0
Number of asset objects unloaded after import = 3
========================================================================
Received Import Request.
  Time since last request: 0.003932 seconds.
  path: Assets/Keypad/Textures/Red.png
  artifactKey: Guid(33037aa93eaf74467a5dfbd0027f2371) Importer(815301076,1909f56bfc062723c751e8b465ee728b)
Start importing Assets/Keypad/Textures/Red.png using Guid(33037aa93eaf74467a5dfbd0027f2371) Importer(815301076,1909f56bfc062723c751e8b465ee728b)  -> (artifact id: 'aa03719c819e8b1cc60e9f5fabeb6093') in 0.019182 seconds
Number of updated asset objects reloaded before import = 0
Number of asset objects unloaded after import = 3
========================================================================
Received Import Request.
  Time since last request: 0.308698 seconds.
  path: Assets/3rd Party/Modern UI Pack/Textures/Icon/Navigation/Refresh.png
  artifactKey: Guid(16a091c7f8ad05b4da2be8ff9b929650) Importer(815301076,1909f56bfc062723c751e8b465ee728b)
Start importing Assets/3rd Party/Modern UI Pack/Textures/Icon/Navigation/Refresh.png using Guid(16a091c7f8ad05b4da2be8ff9b929650) Importer(815301076,1909f56bfc062723c751e8b465ee728b)  -> (artifact id: 'fa031fde46f8179b30ee048cb508c6bc') in 0.023669 seconds
Number of updated asset objects reloaded before import = 0
Number of asset objects unloaded after import = 3
========================================================================
Received Import Request.
  Time since last request: 0.028127 seconds.
  path: Assets/3rd Party/Modern UI Pack/Textures/Border/Rounded/64px/Rounded Filled 64px.png
  artifactKey: Guid(9109d18ad586e1f49b31eaea40662492) Importer(815301076,1909f56bfc062723c751e8b465ee728b)
Start importing Assets/3rd Party/Modern UI Pack/Textures/Border/Rounded/64px/Rounded Filled 64px.png using Guid(9109d18ad586e1f49b31eaea40662492) Importer(815301076,1909f56bfc062723c751e8b465ee728b)  -> (artifact id: '160d03ab886c1678caa03041d3b9db6d') in 0.015949 seconds
Number of updated asset objects reloaded before import = 0
Number of asset objects unloaded after import = 3
========================================================================
Received Import Request.
  Time since last request: 0.614075 seconds.
  path: Assets/3rd Party/Modern UI Pack/Textures/Border/Rounded/256px/Rounded Filled 256px.png
  artifactKey: Guid(5e16c7aea118d68498053518146c9cf9) Importer(815301076,1909f56bfc062723c751e8b465ee728b)
Start importing Assets/3rd Party/Modern UI Pack/Textures/Border/Rounded/256px/Rounded Filled 256px.png using Guid(5e16c7aea118d68498053518146c9cf9) Importer(815301076,1909f56bfc062723c751e8b465ee728b)  -> (artifact id: '8161551e8922f1840c75d9d685659fcb') in 0.020015 seconds
Number of updated asset objects reloaded before import = 0
Number of asset objects unloaded after import = 3
========================================================================
Received Import Request.
  Time since last request: 0.044775 seconds.
  path: Assets/3rd Party/Modern UI Pack/Textures/Border/Rounded/1024px/Rounded Filled 1024px.png
  artifactKey: Guid(951352f31055aae46b6e9786313c632d) Importer(815301076,1909f56bfc062723c751e8b465ee728b)
Start importing Assets/3rd Party/Modern UI Pack/Textures/Border/Rounded/1024px/Rounded Filled 1024px.png using Guid(951352f31055aae46b6e9786313c632d) Importer(815301076,1909f56bfc062723c751e8b465ee728b)  -> (artifact id: '3db4c9d1305eb4170fcce449b9e67eb7') in 0.021022 seconds
Number of updated asset objects reloaded before import = 0
Number of asset objects unloaded after import = 3
========================================================================
Received Import Request.
  Time since last request: 0.285293 seconds.
  path: Assets/3rd Party/Modern UI Pack/Textures/Border/Rounded/32px/Rounded Outline 32px - 2x.png
  artifactKey: Guid(b0b2e82f84dad884f986de1deb5331a3) Importer(815301076,1909f56bfc062723c751e8b465ee728b)
Start importing Assets/3rd Party/Modern UI Pack/Textures/Border/Rounded/32px/Rounded Outline 32px - 2x.png using Guid(b0b2e82f84dad884f986de1deb5331a3) Importer(815301076,1909f56bfc062723c751e8b465ee728b)  -> (artifact id: 'a51a9c8c7a725f450b53e48bb98d78ca') in 0.019749 seconds
Number of updated asset objects reloaded before import = 0
Number of asset objects unloaded after import = 3
========================================================================
Received Import Request.
  Time since last request: 0.005072 seconds.
  path: Assets/3rd Party/Modern UI Pack/Textures/Border/Rounded/32px/Rounded Outline 32px - 4x.png
  artifactKey: Guid(4859a9b48155b404492c5e59833bdea8) Importer(815301076,1909f56bfc062723c751e8b465ee728b)
Start importing Assets/3rd Party/Modern UI Pack/Textures/Border/Rounded/32px/Rounded Outline 32px - 4x.png using Guid(4859a9b48155b404492c5e59833bdea8) Importer(815301076,1909f56bfc062723c751e8b465ee728b)  -> (artifact id: 'c365a925e36a4667eee9566122c814b7') in 0.017882 seconds
Number of updated asset objects reloaded before import = 0
Number of asset objects unloaded after import = 3
========================================================================
Received Import Request.
  Time since last request: 0.303655 seconds.
  path: Assets/3rd Party/Modern UI Pack/Textures/Border/Rounded/32px/Rounded Outline 32px - 6x.png
  artifactKey: Guid(19e0bce67751785438b5135a43190ad6) Importer(815301076,1909f56bfc062723c751e8b465ee728b)
Start importing Assets/3rd Party/Modern UI Pack/Textures/Border/Rounded/32px/Rounded Outline 32px - 6x.png using Guid(19e0bce67751785438b5135a43190ad6) Importer(815301076,1909f56bfc062723c751e8b465ee728b)  -> (artifact id: 'eff6a1c9e326a8c0a3850fd93105efe6') in 0.017054 seconds
Number of updated asset objects reloaded before import = 0
Number of asset objects unloaded after import = 3
========================================================================
Received Import Request.
  Time since last request: 0.040684 seconds.
  path: Assets/3rd Party/Modern UI Pack/Textures/Border/Rounded/32px/Rounded Outline 32px - 8x.png
  artifactKey: Guid(cc399a618123056498d011bef46ef430) Importer(815301076,1909f56bfc062723c751e8b465ee728b)
Start importing Assets/3rd Party/Modern UI Pack/Textures/Border/Rounded/32px/Rounded Outline 32px - 8x.png using Guid(cc399a618123056498d011bef46ef430) Importer(815301076,1909f56bfc062723c751e8b465ee728b)  -> (artifact id: '23c69e29852837d7c9528c0ac24e66a5') in 0.017889 seconds
Number of updated asset objects reloaded before import = 0
Number of asset objects unloaded after import = 3
========================================================================
Received Import Request.
  Time since last request: 0.942622 seconds.
  path: Assets/3rd Party/Modern UI Pack/Textures/Border/Rounded/32px/Rounded Outline 32px - 10x.png
  artifactKey: Guid(43bcf983afb7bef4c8e8b4ae39b82935) Importer(815301076,1909f56bfc062723c751e8b465ee728b)
Start importing Assets/3rd Party/Modern UI Pack/Textures/Border/Rounded/32px/Rounded Outline 32px - 10x.png using Guid(43bcf983afb7bef4c8e8b4ae39b82935) Importer(815301076,1909f56bfc062723c751e8b465ee728b)  -> (artifact id: 'e0fd75acadc6cc1fe4d1ad6d47a82a73') in 0.016738 seconds
Number of updated asset objects reloaded before import = 0
Number of asset objects unloaded after import = 3
========================================================================
Received Import Request.
  Time since last request: 0.026724 seconds.
  path: Assets/3rd Party/Modern UI Pack/Textures/Border/Rounded/64px/Rounded Outline 64px - 2x.png
  artifactKey: Guid(04afe2bffe7002542ad7fb5dd55c6b9f) Importer(815301076,1909f56bfc062723c751e8b465ee728b)
Start importing Assets/3rd Party/Modern UI Pack/Textures/Border/Rounded/64px/Rounded Outline 64px - 2x.png using Guid(04afe2bffe7002542ad7fb5dd55c6b9f) Importer(815301076,1909f56bfc062723c751e8b465ee728b)  -> (artifact id: '86e2ad76fccd0be661c067d33b57c965') in 0.016417 seconds
Number of updated asset objects reloaded before import = 0
Number of asset objects unloaded after import = 3
========================================================================
Received Import Request.
  Time since last request: 0.007867 seconds.
  path: Assets/3rd Party/Modern UI Pack/Textures/Border/Rounded/64px/Rounded Outline 64px - 4x.png
  artifactKey: Guid(a33db688e71d21649b0437503cff43e6) Importer(815301076,1909f56bfc062723c751e8b465ee728b)
Start importing Assets/3rd Party/Modern UI Pack/Textures/Border/Rounded/64px/Rounded Outline 64px - 4x.png using Guid(a33db688e71d21649b0437503cff43e6) Importer(815301076,1909f56bfc062723c751e8b465ee728b)  -> (artifact id: 'a7b329cfd06aff7ea129a024482de932') in 0.021464 seconds
Number of updated asset objects reloaded before import = 0
Number of asset objects unloaded after import = 3
========================================================================
Received Import Request.
  Time since last request: 0.274954 seconds.
  path: Assets/3rd Party/Modern UI Pack/Textures/Border/Rounded/64px/Rounded Outline 64px - 6x.png
  artifactKey: Guid(499bdd857b13ec94a97b9b71283a9a73) Importer(815301076,1909f56bfc062723c751e8b465ee728b)
Start importing Assets/3rd Party/Modern UI Pack/Textures/Border/Rounded/64px/Rounded Outline 64px - 6x.png using Guid(499bdd857b13ec94a97b9b71283a9a73) Importer(815301076,1909f56bfc062723c751e8b465ee728b)  -> (artifact id: '439852cebf7eeb37a068d55790eb91dc') in 0.016623 seconds
Number of updated asset objects reloaded before import = 0
Number of asset objects unloaded after import = 3
========================================================================
Received Import Request.
  Time since last request: 0.005815 seconds.
  path: Assets/3rd Party/Modern UI Pack/Textures/Border/Rounded/64px/Rounded Outline 64px - 9x.png
  artifactKey: Guid(d62b9bb0dbf844f4088fd43a80f600fc) Importer(815301076,1909f56bfc062723c751e8b465ee728b)
Start importing Assets/3rd Party/Modern UI Pack/Textures/Border/Rounded/64px/Rounded Outline 64px - 9x.png using Guid(d62b9bb0dbf844f4088fd43a80f600fc) Importer(815301076,1909f56bfc062723c751e8b465ee728b)  -> (artifact id: '9cfad9c0f01573eedfebc245f7ddeb2f') in 0.016505 seconds
Number of updated asset objects reloaded before import = 0
Number of asset objects unloaded after import = 3
========================================================================
Received Import Request.
  Time since last request: 0.001398 seconds.
  path: Assets/3rd Party/Modern UI Pack/Textures/Border/Rounded/64px/Rounded Outline 64px - 10x.png
  artifactKey: Guid(7f1ec91c56e2aa64b97ee5ef57c15122) Importer(815301076,1909f56bfc062723c751e8b465ee728b)
Start importing Assets/3rd Party/Modern UI Pack/Textures/Border/Rounded/64px/Rounded Outline 64px - 10x.png using Guid(7f1ec91c56e2aa64b97ee5ef57c15122) Importer(815301076,1909f56bfc062723c751e8b465ee728b)  -> (artifact id: '2fa10ede3f7e2dd6d271a4a18905ab28') in 0.016754 seconds
Number of updated asset objects reloaded before import = 0
Number of asset objects unloaded after import = 3
========================================================================
Received Import Request.
  Time since last request: 0.008379 seconds.
  path: Assets/3rd Party/Modern UI Pack/Textures/Border/Rounded/128px/Rounded Outline 128px - 2x.png
  artifactKey: Guid(06dec0b1685f62c4d85c8ecce2b95366) Importer(815301076,1909f56bfc062723c751e8b465ee728b)
Start importing Assets/3rd Party/Modern UI Pack/Textures/Border/Rounded/128px/Rounded Outline 128px - 2x.png using Guid(06dec0b1685f62c4d85c8ecce2b95366) Importer(815301076,1909f56bfc062723c751e8b465ee728b)  -> (artifact id: '0be444c0e3d9b3d8229e3e159b625663') in 0.018576 seconds
Number of updated asset objects reloaded before import = 0
Number of asset objects unloaded after import = 3
========================================================================
Received Import Request.
  Time since last request: 0.203814 seconds.
  path: Assets/3rd Party/Modern UI Pack/Textures/Border/Rounded/128px/Rounded Outline 128px - 4x.png
  artifactKey: Guid(ba5ff22dabd8d4f478f27b8be02ecb89) Importer(815301076,1909f56bfc062723c751e8b465ee728b)
Start importing Assets/3rd Party/Modern UI Pack/Textures/Border/Rounded/128px/Rounded Outline 128px - 4x.png using Guid(ba5ff22dabd8d4f478f27b8be02ecb89) Importer(815301076,1909f56bfc062723c751e8b465ee728b)  -> (artifact id: '48512559a436e2ee19f9ff1c87b4d43e') in 0.018843 seconds
Number of updated asset objects reloaded before import = 0
Number of asset objects unloaded after import = 3
========================================================================
Received Import Request.
  Time since last request: 0.004641 seconds.
  path: Assets/3rd Party/Modern UI Pack/Textures/Border/Rounded/128px/Rounded Outline 128px - 7x.png
  artifactKey: Guid(3bc07bc36d00d0343bb07c6d2c26134a) Importer(815301076,1909f56bfc062723c751e8b465ee728b)
Start importing Assets/3rd Party/Modern UI Pack/Textures/Border/Rounded/128px/Rounded Outline 128px - 7x.png using Guid(3bc07bc36d00d0343bb07c6d2c26134a) Importer(815301076,1909f56bfc062723c751e8b465ee728b)  -> (artifact id: '6d3210fdefe43f5411b1b9295cf16482') in 0.019074 seconds
Number of updated asset objects reloaded before import = 0
Number of asset objects unloaded after import = 3
========================================================================
Received Import Request.
  Time since last request: 0.005286 seconds.
  path: Assets/3rd Party/Modern UI Pack/Textures/Border/Rounded/128px/Rounded Outline 128px - 9x.png
  artifactKey: Guid(5a45c14358f6c9343a2a586388edb790) Importer(815301076,1909f56bfc062723c751e8b465ee728b)
Start importing Assets/3rd Party/Modern UI Pack/Textures/Border/Rounded/128px/Rounded Outline 128px - 9x.png using Guid(5a45c14358f6c9343a2a586388edb790) Importer(815301076,1909f56bfc062723c751e8b465ee728b)  -> (artifact id: '961660f30f37020bae3476a1df128e1d') in 0.018805 seconds
Number of updated asset objects reloaded before import = 0
Number of asset objects unloaded after import = 3
========================================================================
Received Import Request.
  Time since last request: 0.004154 seconds.
  path: Assets/3rd Party/Modern UI Pack/Textures/Border/Rounded/256px/Rounded Outline 256px - 1x.png
  artifactKey: Guid(20a45802d90dcb24a926d7d233163e1a) Importer(815301076,1909f56bfc062723c751e8b465ee728b)
Start importing Assets/3rd Party/Modern UI Pack/Textures/Border/Rounded/256px/Rounded Outline 256px - 1x.png using Guid(20a45802d90dcb24a926d7d233163e1a) Importer(815301076,1909f56bfc062723c751e8b465ee728b)  -> (artifact id: '0f283a457be8c644568f0fde1f22a976') in 0.019339 seconds
Number of updated asset objects reloaded before import = 0
Number of asset objects unloaded after import = 3
========================================================================
Received Import Request.
  Time since last request: 0.345984 seconds.
  path: Assets/3rd Party/Modern UI Pack/Textures/Border/Rounded/256px/Rounded Outline 256px - 4x.png
  artifactKey: Guid(b3390b5653435964fa30c6488e7ffc62) Importer(815301076,1909f56bfc062723c751e8b465ee728b)
Start importing Assets/3rd Party/Modern UI Pack/Textures/Border/Rounded/256px/Rounded Outline 256px - 4x.png using Guid(b3390b5653435964fa30c6488e7ffc62) Importer(815301076,1909f56bfc062723c751e8b465ee728b)  -> (artifact id: '474b8f0720cc0ff076a62abf459fc1ae') in 0.016026 seconds
Number of updated asset objects reloaded before import = 0
Number of asset objects unloaded after import = 3
========================================================================
Received Import Request.
  Time since last request: 0.027046 seconds.
  path: Assets/3rd Party/Modern UI Pack/Textures/Border/Rounded/256px/Rounded Outline 256px - 8x.png
  artifactKey: Guid(07832ad64df4aba4ba2a91ff9d40be5d) Importer(815301076,1909f56bfc062723c751e8b465ee728b)
Start importing Assets/3rd Party/Modern UI Pack/Textures/Border/Rounded/256px/Rounded Outline 256px - 8x.png using Guid(07832ad64df4aba4ba2a91ff9d40be5d) Importer(815301076,1909f56bfc062723c751e8b465ee728b)  -> (artifact id: '81e6e0ac1963da8f3803c25675af8c12') in 0.019452 seconds
Number of updated asset objects reloaded before import = 0
Number of asset objects unloaded after import = 3
========================================================================
Received Import Request.
  Time since last request: 0.157402 seconds.
  path: Assets/3rd Party/Modern UI Pack/Textures/Border/Rounded/256px/Rounded Outline 256px - 10x.png
  artifactKey: Guid(9608a0ed55d16c540893ef0cf95628f5) Importer(815301076,1909f56bfc062723c751e8b465ee728b)
Start importing Assets/3rd Party/Modern UI Pack/Textures/Border/Rounded/256px/Rounded Outline 256px - 10x.png using Guid(9608a0ed55d16c540893ef0cf95628f5) Importer(815301076,1909f56bfc062723c751e8b465ee728b)  -> (artifact id: 'afbcd1a90cda1ef78ca32e3611efbffe') in 0.017758 seconds
Number of updated asset objects reloaded before import = 0
Number of asset objects unloaded after import = 3
========================================================================
Received Import Request.
  Time since last request: 0.000021 seconds.
  path: Assets/3rd Party/Modern UI Pack/Textures/Border/Rounded/512px/Rounded Outline 512px - 2x.png
  artifactKey: Guid(01d97dcc8b1a4a744b9c799b16bc572a) Importer(815301076,1909f56bfc062723c751e8b465ee728b)
Start importing Assets/3rd Party/Modern UI Pack/Textures/Border/Rounded/512px/Rounded Outline 512px - 2x.png using Guid(01d97dcc8b1a4a744b9c799b16bc572a) Importer(815301076,1909f56bfc062723c751e8b465ee728b)  -> (artifact id: 'b054c94b2e4469770e50fdd5563f4fa5') in 0.018507 seconds
Number of updated asset objects reloaded before import = 0
Number of asset objects unloaded after import = 3
========================================================================
Received Import Request.
  Time since last request: 0.008805 seconds.
  path: Assets/3rd Party/Modern UI Pack/Textures/Border/Rounded/512px/Rounded Outline 512px - 4x.png
  artifactKey: Guid(cc99984d167cfb5418a604596ecc2797) Importer(815301076,1909f56bfc062723c751e8b465ee728b)
Start importing Assets/3rd Party/Modern UI Pack/Textures/Border/Rounded/512px/Rounded Outline 512px - 4x.png using Guid(cc99984d167cfb5418a604596ecc2797) Importer(815301076,1909f56bfc062723c751e8b465ee728b)  -> (artifact id: '41de03ffe21a312176be436dd46aab74') in 0.019863 seconds
Number of updated asset objects reloaded before import = 0
Number of asset objects unloaded after import = 3
========================================================================
Received Import Request.
  Time since last request: 0.284579 seconds.
  path: Assets/3rd Party/Modern UI Pack/Textures/Border/Rounded/512px/Rounded Outline 512px - 6x.png
  artifactKey: Guid(c6054da7de1f08e47817d98cf925b113) Importer(815301076,1909f56bfc062723c751e8b465ee728b)
Start importing Assets/3rd Party/Modern UI Pack/Textures/Border/Rounded/512px/Rounded Outline 512px - 6x.png using Guid(c6054da7de1f08e47817d98cf925b113) Importer(815301076,1909f56bfc062723c751e8b465ee728b)  -> (artifact id: 'd318f4a9841fd23b60ed80fcc41e1f25') in 0.017398 seconds
Number of updated asset objects reloaded before import = 0
Number of asset objects unloaded after import = 3
========================================================================
Received Import Request.
  Time since last request: 0.005188 seconds.
  path: Assets/3rd Party/Modern UI Pack/Textures/Border/Rounded/512px/Rounded Outline 512px - 10x.png
  artifactKey: Guid(96daee5178438474f980b8ec6dbbb2ac) Importer(815301076,1909f56bfc062723c751e8b465ee728b)
Start importing Assets/3rd Party/Modern UI Pack/Textures/Border/Rounded/512px/Rounded Outline 512px - 10x.png using Guid(96daee5178438474f980b8ec6dbbb2ac) Importer(815301076,1909f56bfc062723c751e8b465ee728b)  -> (artifact id: '2871550b5203ccc65e4fa9538a08543f') in 0.020101 seconds
Number of updated asset objects reloaded before import = 0
Number of asset objects unloaded after import = 3
========================================================================
Received Import Request.
  Time since last request: 0.296504 seconds.
  path: Assets/3rd Party/Modern UI Pack/Textures/Border/Rounded/1024px/Rounded Outline 1024px - 2x.png
  artifactKey: Guid(dd176d93f0fbe4840880410005212d83) Importer(815301076,1909f56bfc062723c751e8b465ee728b)
Start importing Assets/3rd Party/Modern UI Pack/Textures/Border/Rounded/1024px/Rounded Outline 1024px - 2x.png using Guid(dd176d93f0fbe4840880410005212d83) Importer(815301076,1909f56bfc062723c751e8b465ee728b)  -> (artifact id: '29c0b97ea2902ddcf4c16e18276c9a2f') in 0.018557 seconds
Number of updated asset objects reloaded before import = 0
Number of asset objects unloaded after import = 3
========================================================================
Received Import Request.
  Time since last request: 0.000121 seconds.
  path: Assets/3rd Party/Modern UI Pack/Textures/Border/Rounded/1024px/Rounded Outline 1024px - 5x.png
  artifactKey: Guid(30d40c185a062b040966d888d396fb0d) Importer(815301076,1909f56bfc062723c751e8b465ee728b)
Start importing Assets/3rd Party/Modern UI Pack/Textures/Border/Rounded/1024px/Rounded Outline 1024px - 5x.png using Guid(30d40c185a062b040966d888d396fb0d) Importer(815301076,1909f56bfc062723c751e8b465ee728b)  -> (artifact id: '33ea7b5755e363f82630073828f1c152') in 0.022214 seconds
Number of updated asset objects reloaded before import = 0
Number of asset objects unloaded after import = 3
========================================================================
Received Import Request.
  Time since last request: 0.004739 seconds.
  path: Assets/3rd Party/Modern UI Pack/Textures/Border/Rounded/1024px/Rounded Outline 1024px - 7x.png
  artifactKey: Guid(014e4350c5916b14ea6b235afebcaec9) Importer(815301076,1909f56bfc062723c751e8b465ee728b)
Start importing Assets/3rd Party/Modern UI Pack/Textures/Border/Rounded/1024px/Rounded Outline 1024px - 7x.png using Guid(014e4350c5916b14ea6b235afebcaec9) Importer(815301076,1909f56bfc062723c751e8b465ee728b)  -> (artifact id: 'bff6e38c972f4b3c7142ac4c701dd1cd') in 0.019404 seconds
Number of updated asset objects reloaded before import = 0
Number of asset objects unloaded after import = 3
========================================================================
Received Import Request.
  Time since last request: 0.000016 seconds.
  path: Assets/3rd Party/Modern UI Pack/Textures/Icon/Time/Sand Clock.png
  artifactKey: Guid(39974175474397949a97cc2bec110ca7) Importer(815301076,1909f56bfc062723c751e8b465ee728b)
Start importing Assets/3rd Party/Modern UI Pack/Textures/Icon/Time/Sand Clock.png using Guid(39974175474397949a97cc2bec110ca7) Importer(815301076,1909f56bfc062723c751e8b465ee728b)  -> (artifact id: 'e0df33c57792069764055511fd9f9b73') in 0.019432 seconds
Number of updated asset objects reloaded before import = 0
Number of asset objects unloaded after import = 3
========================================================================
Received Import Request.
  Time since last request: 0.003247 seconds.
  path: Assets/3rd Party/Modern UI Pack/Textures/Icon/Others/Animation Icon Stuff/Sand Clock Sand.png
  artifactKey: Guid(97814927e69de9c45ac122c187eacb32) Importer(815301076,1909f56bfc062723c751e8b465ee728b)
Start importing Assets/3rd Party/Modern UI Pack/Textures/Icon/Others/Animation Icon Stuff/Sand Clock Sand.png using Guid(97814927e69de9c45ac122c187eacb32) Importer(815301076,1909f56bfc062723c751e8b465ee728b)  -> (artifact id: '538cde404397a36be9a74a269ebad738') in 0.029568 seconds
Number of updated asset objects reloaded before import = 0
Number of asset objects unloaded after import = 3
========================================================================
Received Import Request.
  Time since last request: 0.321930 seconds.
  path: Assets/3rd Party/Modern UI Pack/Textures/Icon/Navigation/Search.png
  artifactKey: Guid(6d669c2082983644b9d4a34c0b22b1e4) Importer(815301076,1909f56bfc062723c751e8b465ee728b)
Start importing Assets/3rd Party/Modern UI Pack/Textures/Icon/Navigation/Search.png using Guid(6d669c2082983644b9d4a34c0b22b1e4) Importer(815301076,1909f56bfc062723c751e8b465ee728b)  -> (artifact id: '92eb3696328ca1045d83b8776a361fef') in 0.016358 seconds
Number of updated asset objects reloaded before import = 0
Number of asset objects unloaded after import = 3
========================================================================
Received Import Request.
  Time since last request: 0.002070 seconds.
  path: Assets/3rd Party/Modern UI Pack/Textures/Icon/Common/Settings Filled.png
  artifactKey: Guid(ce4f0f0804dfd3b4a84ad79898a71fe9) Importer(815301076,1909f56bfc062723c751e8b465ee728b)
Start importing Assets/3rd Party/Modern UI Pack/Textures/Icon/Common/Settings Filled.png using Guid(ce4f0f0804dfd3b4a84ad79898a71fe9) Importer(815301076,1909f56bfc062723c751e8b465ee728b)  -> (artifact id: '21287ced7ad8879e03125a901ba8c991') in 0.024547 seconds
Number of updated asset objects reloaded before import = 0
Number of asset objects unloaded after import = 3
========================================================================
Received Import Request.
  Time since last request: 0.001573 seconds.
  path: Assets/3rd Party/Modern UI Pack/Textures/Icon/Common/Shield.png
  artifactKey: Guid(138796f6771a1ba4c9a72797e7dabeb6) Importer(815301076,1909f56bfc062723c751e8b465ee728b)
Start importing Assets/3rd Party/Modern UI Pack/Textures/Icon/Common/Shield.png using Guid(138796f6771a1ba4c9a72797e7dabeb6) Importer(815301076,1909f56bfc062723c751e8b465ee728b)  -> (artifact id: 'c12d3c25b136731672cddbfe4955804c') in 0.021707 seconds
Number of updated asset objects reloaded before import = 0
Number of asset objects unloaded after import = 3
========================================================================
Received Import Request.
  Time since last request: 0.027158 seconds.
  path: Assets/Basic Fireworks/Materials/Smoke.png
  artifactKey: Guid(78c1a6cb52efb486ab0f21db14a590ca) Importer(815301076,1909f56bfc062723c751e8b465ee728b)
Start importing Assets/Basic Fireworks/Materials/Smoke.png using Guid(78c1a6cb52efb486ab0f21db14a590ca) Importer(815301076,1909f56bfc062723c751e8b465ee728b)  -> (artifact id: 'a2b16575e7768726f98f9a8227e85663') in 0.032605 seconds
Number of updated asset objects reloaded before import = 0
Number of asset objects unloaded after import = 3
========================================================================
Received Import Request.
  Time since last request: 0.107645 seconds.
  path: Assets/3rd Party/Modern UI Pack/Textures/Icon/Common/Star.png
  artifactKey: Guid(c07549e02a2d55049906af989d15fe22) Importer(815301076,1909f56bfc062723c751e8b465ee728b)
Start importing Assets/3rd Party/Modern UI Pack/Textures/Icon/Common/Star.png using Guid(c07549e02a2d55049906af989d15fe22) Importer(815301076,1909f56bfc062723c751e8b465ee728b)  -> (artifact id: '5b30a1e182ef23d2646c6b525289d6ee') in 0.018913 seconds
Number of updated asset objects reloaded before import = 0
Number of asset objects unloaded after import = 3
========================================================================
Received Import Request.
  Time since last request: 0.333059 seconds.
  path: Assets/3rd Party/Modern UI Pack/Textures/Demo/Icons/Switch.png
  artifactKey: Guid(f2fb15b73c96f384988cd1b3a948e9d3) Importer(815301076,1909f56bfc062723c751e8b465ee728b)
Start importing Assets/3rd Party/Modern UI Pack/Textures/Demo/Icons/Switch.png using Guid(f2fb15b73c96f384988cd1b3a948e9d3) Importer(815301076,1909f56bfc062723c751e8b465ee728b)  -> (artifact id: '127fe10b342deab839b29c84aaa8554e') in 0.014579 seconds
Number of updated asset objects reloaded before import = 0
Number of asset objects unloaded after import = 3
========================================================================
Received Import Request.
  Time since last request: 0.026683 seconds.
  path: Assets/3rd Party/Modern UI Pack/Textures/Demo/Icons/Toggle.png
  artifactKey: Guid(b7da3dd8ec3e19e48b96d7418c4eeada) Importer(815301076,1909f56bfc062723c751e8b465ee728b)
Start importing Assets/3rd Party/Modern UI Pack/Textures/Demo/Icons/Toggle.png using Guid(b7da3dd8ec3e19e48b96d7418c4eeada) Importer(815301076,1909f56bfc062723c751e8b465ee728b)  -> (artifact id: '1a20996ea9d7b0896453a5832a20b92d') in 0.015508 seconds
Number of updated asset objects reloaded before import = 0
Number of asset objects unloaded after import = 3
========================================================================
Received Import Request.
  Time since last request: 0.006829 seconds.
  path: Assets/3rd Party/Modern UI Pack/Textures/Icon/Common/Trash.png
  artifactKey: Guid(8c998213d53883d4b8fdf7a3eb3c2909) Importer(815301076,1909f56bfc062723c751e8b465ee728b)
Start importing Assets/3rd Party/Modern UI Pack/Textures/Icon/Common/Trash.png using Guid(8c998213d53883d4b8fdf7a3eb3c2909) Importer(815301076,1909f56bfc062723c751e8b465ee728b)  -> (artifact id: 'd3e62dfee2267585d33f568c50caf96c') in 0.020286 seconds
Number of updated asset objects reloaded before import = 0
Number of asset objects unloaded after import = 3
========================================================================
Received Import Request.
  Time since last request: 0.291212 seconds.
  path: Assets/StarterAssets/Mobile/UI/UI_Circle_Bevel_Base.png
  artifactKey: Guid(b74c31d447d2f5d41a61081bdf5e7126) Importer(815301076,1909f56bfc062723c751e8b465ee728b)
Start importing Assets/StarterAssets/Mobile/UI/UI_Circle_Bevel_Base.png using Guid(b74c31d447d2f5d41a61081bdf5e7126) Importer(815301076,1909f56bfc062723c751e8b465ee728b)  -> (artifact id: 'ee6222a2281eb120ea92c473832af061') in 0.025671 seconds
Number of updated asset objects reloaded before import = 0
Number of asset objects unloaded after import = 3
========================================================================
Received Import Request.
  Time since last request: 0.012389 seconds.
  path: Assets/StarterAssets/Mobile/UI/UI_Icon_Move.png
  artifactKey: Guid(ff7bfa7addf40784d86f62b8e4a034a6) Importer(815301076,1909f56bfc062723c751e8b465ee728b)
Start importing Assets/StarterAssets/Mobile/UI/UI_Icon_Move.png using Guid(ff7bfa7addf40784d86f62b8e4a034a6) Importer(815301076,1909f56bfc062723c751e8b465ee728b)  -> (artifact id: 'fe6f24290d631eaa6ae215619544611f') in 0.031131 seconds
Number of updated asset objects reloaded before import = 0
Number of asset objects unloaded after import = 3
========================================================================
Received Import Request.
  Time since last request: 0.386497 seconds.
  path: Assets/3rd Party/Modern UI Pack/Resources/Editor/UIM Editor Dark.png
  artifactKey: Guid(7c235d0fbe0f2464cabb3ebb1f7fb5e7) Importer(815301076,1909f56bfc062723c751e8b465ee728b)
Start importing Assets/3rd Party/Modern UI Pack/Resources/Editor/UIM Editor Dark.png using Guid(7c235d0fbe0f2464cabb3ebb1f7fb5e7) Importer(815301076,1909f56bfc062723c751e8b465ee728b)  -> (artifact id: '0c8871814d447aa17db108bc3eb8b0cc') in 0.019946 seconds
Number of updated asset objects reloaded before import = 0
Number of asset objects unloaded after import = 3
========================================================================
Received Import Request.
  Time since last request: 0.203085 seconds.
  path: Assets/3rd Party/Modern UI Pack/Textures/Icon/Media/Video.png
  artifactKey: Guid(f244bcedbf1c0334f9374ae6549fd0ca) Importer(815301076,1909f56bfc062723c751e8b465ee728b)
Start importing Assets/3rd Party/Modern UI Pack/Textures/Icon/Media/Video.png using Guid(f244bcedbf1c0334f9374ae6549fd0ca) Importer(815301076,1909f56bfc062723c751e8b465ee728b)  -> (artifact id: 'c140392c82f4485d31e0826bc09a8a62') in 0.021168 seconds
Number of updated asset objects reloaded before import = 0
Number of asset objects unloaded after import = 3
========================================================================
Received Import Request.
  Time since last request: 0.340585 seconds.
  path: Assets/3rd Party/Modern UI Pack/Textures/Demo/Icons/Window Manager Filled.png
  artifactKey: Guid(d05a0849d2ec15944b052fe84139327c) Importer(815301076,1909f56bfc062723c751e8b465ee728b)
Start importing Assets/3rd Party/Modern UI Pack/Textures/Demo/Icons/Window Manager Filled.png using Guid(d05a0849d2ec15944b052fe84139327c) Importer(815301076,1909f56bfc062723c751e8b465ee728b)  -> (artifact id: '7596f0aeb29acdff16a5d4bb0d6b0c07') in 0.020566 seconds
Number of updated asset objects reloaded before import = 0
Number of asset objects unloaded after import = 3
Editor requested this worker to shutdown with reason: Scaling down because of idle timeout
TcpMessagingSession - receive error: operation aborted. errorcode: 995, details: Bir i parac k veya bir uygulama istei nedeniyle G/ ilemi iptal edildi.
AssetImportWorker is now disconnected from the server
Process exiting
Exiting without the bug reporter. Application will terminate with return code 0